-----------------------------------------------------------------------------------------
      name:  <unnamed>
       log:  C:\Users\User PC\Desktop\Contract Project\ABIOLA EHINFUN\Abiola 09-03-2024.l
> og
  log type:  text
 opened on:   9 Mar 2024, 18:48:21

. foreach demo of global Demo {
  2. 
. asdoc tab `demo' no_empowerment4 , row chi2
  3. 
. }
(File Myfile.doc already exists, option append was assumed)

+----------------+
| Key            |
|----------------|
|   frequency    |
| row percentage |
+----------------+

           |    RECODE of v743a
           |  (person who usually
 RECODE of |      decides on
 v013 (age |  respondent's health
 in 5-year |         care)
   groups) |     0. no     1. yes |     Total
-----------+----------------------+----------
  1. 15-24 |       511      1,271 |     1,782 
           |     28.68      71.32 |    100.00 
-----------+----------------------+----------
  2. 25-34 |     1,140      2,016 |     3,156 
           |     36.12      63.88 |    100.00 
-----------+----------------------+----------
  3. 35-49 |       721      1,054 |     1,775 
           |     40.62      59.38 |    100.00 
-----------+----------------------+----------
     Total |     2,372      4,341 |     6,713 
           |     35.33      64.67 |    100.00 

          Pearson chi2(2) =  57.1364   Pr = 0.000
(note: file Myfile.doc not found)
file Myfile.doc could not be opened
                 fopen():   603  file could not be opened
     asdoc_tab_twovars():     -  function returned error
                 <istmt>:     -  function returned error
r(603);

. foreach demo of global Demo {
  2. asdoc tab `demo' no_empowerment4 , row chi2
  3. }
(File Myfile.doc already exists, option append was assumed)

+----------------+
| Key            |
|----------------|
|   frequency    |
| row percentage |
+----------------+

           |    RECODE of v743a
           |  (person who usually
 RECODE of |      decides on
 v013 (age |  respondent's health
 in 5-year |         care)
   groups) |     0. no     1. yes |     Total
-----------+----------------------+----------
  1. 15-24 |       511      1,271 |     1,782 
           |     28.68      71.32 |    100.00 
-----------+----------------------+----------
  2. 25-34 |     1,140      2,016 |     3,156 
           |     36.12      63.88 |    100.00 
-----------+----------------------+----------
  3. 35-49 |       721      1,054 |     1,775 
           |     40.62      59.38 |    100.00 
-----------+----------------------+----------
     Total |     2,372      4,341 |     6,713 
           |     35.33      64.67 |    100.00 

          Pearson chi2(2) =  57.1364   Pr = 0.000
Click to Open File:  Myfile.doc
(File Myfile.doc already exists, option append was assumed)

+----------------+
| Key            |
|----------------|
|   frequency    |
| row percentage |
+----------------+

                |    RECODE of v743a
                |  (person who usually
                |      decides on
        highest |  respondent's health
    educational |         care)
          level |     0. no     1. yes |     Total
----------------+----------------------+----------
0. no education |       703      2,832 |     3,535 
                |     19.89      80.11 |    100.00 
----------------+----------------------+----------
     1. primary |       469        598 |     1,067 
                |     43.96      56.04 |    100.00 
----------------+----------------------+----------
   2. secondary |       964        797 |     1,761 
                |     54.74      45.26 |    100.00 
----------------+----------------------+----------
      3. higher |       236        114 |       350 
                |     67.43      32.57 |    100.00 
----------------+----------------------+----------
          Total |     2,372      4,341 |     6,713 
                |     35.33      64.67 |    100.00 

          Pearson chi2(3) = 851.9404   Pr = 0.000
Click to Open File:  Myfile.doc
(File Myfile.doc already exists, option append was assumed)

+----------------+
| Key            |
|----------------|
|   frequency    |
| row percentage |
+----------------+

                |    RECODE of v743a
                |  (person who usually
 RECODE of v701 |      decides on
(husband/partne |  respondent's health
  r's education |         care)
         level) |     0. no     1. yes |     Total
----------------+----------------------+----------
0. no education |       537      2,272 |     2,809 
                |     19.12      80.88 |    100.00 
----------------+----------------------+----------
     1. primary |       390        547 |       937 
                |     41.62      58.38 |    100.00 
----------------+----------------------+----------
   2. secondary |     1,037      1,053 |     2,090 
                |     49.62      50.38 |    100.00 
----------------+----------------------+----------
      3. higher |       408        469 |       877 
                |     46.52      53.48 |    100.00 
----------------+----------------------+----------
          Total |     2,372      4,341 |     6,713 
                |     35.33      64.67 |    100.00 

          Pearson chi2(3) = 574.1743   Pr = 0.000
Click to Open File:  Myfile.doc
(File Myfile.doc already exists, option append was assumed)

+----------------+
| Key            |
|----------------|
|   frequency    |
| row percentage |
+----------------+

                      |    RECODE of v743a
                      |  (person who usually
                      |      decides on
                      |  respondent's health
      current marital |         care)
               status |     0. no     1. yes |     Total
----------------------+----------------------+----------
           1. married |     2,237      4,292 |     6,529 
                      |     34.26      65.74 |    100.00 
----------------------+----------------------+----------
2. living with partne |       135         49 |       184 
                      |     73.37      26.63 |    100.00 
----------------------+----------------------+----------
                Total |     2,372      4,341 |     6,713 
                      |     35.33      64.67 |    100.00 

          Pearson chi2(1) = 119.7806   Pr = 0.000
Click to Open File:  Myfile.doc
(File Myfile.doc already exists, option append was assumed)

+----------------+
| Key            |
|----------------|
|   frequency    |
| row percentage |
+----------------+

           |    RECODE of v743a
           |  (person who usually
           |      decides on
respondent |  respondent's health
 currently |         care)
   working |     0. no     1. yes |     Total
-----------+----------------------+----------
     0. no |       425      1,748 |     2,173 
           |     19.56      80.44 |    100.00 
-----------+----------------------+----------
    1. yes |     1,947      2,593 |     4,540 
           |     42.89      57.11 |    100.00 
-----------+----------------------+----------
     Total |     2,372      4,341 |     6,713 
           |     35.33      64.67 |    100.00 

          Pearson chi2(1) = 349.9893   Pr = 0.000
Click to Open File:  Myfile.doc
(File Myfile.doc already exists, option append was assumed)

+----------------+
| Key            |
|----------------|
|   frequency    |
| row percentage |
+----------------+

             |    RECODE of v743a
             |  (person who usually
             |      decides on
   RECODE of |  respondent's health
        v130 |         care)
  (religion) |     0. no     1. yes |     Total
-------------+----------------------+----------
1. christian |     1,323        704 |     2,027 
             |     65.27      34.73 |    100.00 
-------------+----------------------+----------
    2. islam |     1,045      3,615 |     4,660 
             |     22.42      77.58 |    100.00 
-------------+----------------------+----------
   3. others |         4         22 |        26 
             |     15.38      84.62 |    100.00 
-------------+----------------------+----------
       Total |     2,372      4,341 |     6,713 
             |     35.33      64.67 |    100.00 

          Pearson chi2(2) =  1.1e+03   Pr = 0.000
Click to Open File:  Myfile.doc
(File Myfile.doc already exists, option append was assumed)

+----------------+
| Key            |
|----------------|
|   frequency    |
| row percentage |
+----------------+

           |    RECODE of v743a
 RECODE of |  (person who usually
      v190 |      decides on
   (wealth |  respondent's health
     index |         care)
 combined) |     0. no     1. yes |     Total
-----------+----------------------+----------
   1. poor |       904      2,747 |     3,651 
           |     24.76      75.24 |    100.00 
-----------+----------------------+----------
 2. middle |       567        804 |     1,371 
           |     41.36      58.64 |    100.00 
-----------+----------------------+----------
   3. rich |       901        790 |     1,691 
           |     53.28      46.72 |    100.00 
-----------+----------------------+----------
     Total |     2,372      4,341 |     6,713 
           |     35.33      64.67 |    100.00 

          Pearson chi2(2) = 438.8108   Pr = 0.000
Click to Open File:  Myfile.doc
(File Myfile.doc already exists, option append was assumed)

+----------------+
| Key            |
|----------------|
|   frequency    |
| row percentage |
+----------------+

                |    RECODE of v743a
                |  (person who usually
                |      decides on
                |  respondent's health
 RECODE of v131 |         care)
    (ethnicity) |     0. no     1. yes |     Total
----------------+----------------------+----------
      1. yoruba |       205        128 |       333 
                |     61.56      38.44 |    100.00 
----------------+----------------------+----------
        2. igbo |       466        178 |       644 
                |     72.36      27.64 |    100.00 
----------------+----------------------+----------
3. hausa/fulani |       642      2,717 |     3,359 
                |     19.11      80.89 |    100.00 
----------------+----------------------+----------
      4. others |     1,059      1,318 |     2,377 
                |     44.55      55.45 |    100.00 
----------------+----------------------+----------
          Total |     2,372      4,341 |     6,713 
                |     35.33      64.67 |    100.00 

          Pearson chi2(3) = 961.8581   Pr = 0.000
Click to Open File:  Myfile.doc
(File Myfile.doc already exists, option append was assumed)

+----------------+
| Key            |
|----------------|
|   frequency    |
| row percentage |
+----------------+

   RECODE of v137 |    RECODE of v743a
       (number of |  (person who usually
   children 5 and |      decides on
         under in |  respondent's health
    household (de |         care)
           jure)) |     0. no     1. yes |     Total
------------------+----------------------+----------
       1. One-Two |     1,825      2,872 |     4,697 
                  |     38.85      61.15 |    100.00 
------------------+----------------------+----------
    2. Three-Four |       449      1,176 |     1,625 
                  |     27.63      72.37 |    100.00 
------------------+----------------------+----------
3. Five and above |        98        293 |       391 
                  |     25.06      74.94 |    100.00 
------------------+----------------------+----------
            Total |     2,372      4,341 |     6,713 
                  |     35.33      64.67 |    100.00 

          Pearson chi2(2) =  85.7293   Pr = 0.000
Click to Open File:  Myfile.doc
(File Myfile.doc already exists, option append was assumed)

+----------------+
| Key            |
|----------------|
|   frequency    |
| row percentage |
+----------------+

                  |    RECODE of v743a
                  |  (person who usually
                  |      decides on
   RECODE of v218 |  respondent's health
(number of living |         care)
        children) |     0. no     1. yes |     Total
------------------+----------------------+----------
       1. One-Two |       883      1,553 |     2,436 
                  |     36.25      63.75 |    100.00 
------------------+----------------------+----------
    2. Three-Four |       768      1,321 |     2,089 
                  |     36.76      63.24 |    100.00 
------------------+----------------------+----------
3. Five and above |       721      1,467 |     2,188 
                  |     32.95      67.05 |    100.00 
------------------+----------------------+----------
            Total |     2,372      4,341 |     6,713 
                  |     35.33      64.67 |    100.00 

          Pearson chi2(2) =   8.1912   Pr = 0.017
Click to Open File:  Myfile.doc
(File Myfile.doc already exists, option append was assumed)

+----------------+
| Key            |
|----------------|
|   frequency    |
| row percentage |
+----------------+

           |    RECODE of v743a
           |  (person who usually
           |      decides on
   type of |  respondent's health
  place of |         care)
 residence |     0. no     1. yes |     Total
-----------+----------------------+----------
  1. urban |       948        982 |     1,930 
           |     49.12      50.88 |    100.00 
-----------+----------------------+----------
  2. rural |     1,424      3,359 |     4,783 
           |     29.77      70.23 |    100.00 
-----------+----------------------+----------
     Total |     2,372      4,341 |     6,713 
           |     35.33      64.67 |    100.00 

          Pearson chi2(1) = 225.2682   Pr = 0.000
Click to Open File:  Myfile.doc
(File Myfile.doc already exists, option append was assumed)

+----------------+
| Key            |
|----------------|
|   frequency    |
| row percentage |
+----------------+

                 |    RECODE of v743a
                 |  (person who usually
                 |      decides on
                 |  respondent's health
                 |         care)
          region |     0. no     1. yes |     Total
-----------------+----------------------+----------
1. north central |       356        609 |       965 
                 |     36.89      63.11 |    100.00 
-----------------+----------------------+----------
   2. north east |       617      1,516 |     2,133 
                 |     28.93      71.07 |    100.00 
-----------------+----------------------+----------
   3. north west |       413      1,794 |     2,207 
                 |     18.71      81.29 |    100.00 
-----------------+----------------------+----------
   4. south east |       397        144 |       541 
                 |     73.38      26.62 |    100.00 
-----------------+----------------------+----------
  5. south south |       351        165 |       516 
                 |     68.02      31.98 |    100.00 
-----------------+----------------------+----------
   6. south west |       238        113 |       351 
                 |     67.81      32.19 |    100.00 
-----------------+----------------------+----------
           Total |     2,372      4,341 |     6,713 
                 |     35.33      64.67 |    100.00 

          Pearson chi2(5) =  1.1e+03   Pr = 0.000
Click to Open File:  Myfile.doc

. foreach demo of global Demo {
  2. 
. asdoc tab `demo' no_empowerment5 , row chi2
  3. 
. }
(File Myfile.doc already exists, option append was assumed)

+----------------+
| Key            |
|----------------|
|   frequency    |
| row percentage |
+----------------+

           |    RECODE of v743b
 RECODE of |  (person who usually
 v013 (age |   decides on large
 in 5-year | household purchases)
   groups) |     0. no     1. yes |     Total
-----------+----------------------+----------
  1. 15-24 |       468      1,314 |     1,782 
           |     26.26      73.74 |    100.00 
-----------+----------------------+----------
  2. 25-34 |     1,090      2,066 |     3,156 
           |     34.54      65.46 |    100.00 
-----------+----------------------+----------
  3. 35-49 |       656      1,119 |     1,775 
           |     36.96      63.04 |    100.00 
-----------+----------------------+----------
     Total |     2,214      4,499 |     6,713 
           |     32.98      67.02 |    100.00 

          Pearson chi2(2) =  52.5479   Pr = 0.000
Click to Open File:  Myfile.doc
(File Myfile.doc already exists, option append was assumed)

+----------------+
| Key            |
|----------------|
|   frequency    |
| row percentage |
+----------------+

                |    RECODE of v743b
                |  (person who usually
        highest |   decides on large
    educational | household purchases)
          level |     0. no     1. yes |     Total
----------------+----------------------+----------
0. no education |       643      2,892 |     3,535 
                |     18.19      81.81 |    100.00 
----------------+----------------------+----------
     1. primary |       433        634 |     1,067 
                |     40.58      59.42 |    100.00 
----------------+----------------------+----------
   2. secondary |       915        846 |     1,761 
                |     51.96      48.04 |    100.00 
----------------+----------------------+----------
      3. higher |       223        127 |       350 
                |     63.71      36.29 |    100.00 
----------------+----------------------+----------
          Total |     2,214      4,499 |     6,713 
                |     32.98      67.02 |    100.00 

          Pearson chi2(3) = 814.3020   Pr = 0.000
Click to Open File:  Myfile.doc
(File Myfile.doc already exists, option append was assumed)

+----------------+
| Key            |
|----------------|
|   frequency    |
| row percentage |
+----------------+

                |    RECODE of v743b
 RECODE of v701 |  (person who usually
(husband/partne |   decides on large
  r's education | household purchases)
         level) |     0. no     1. yes |     Total
----------------+----------------------+----------
0. no education |       492      2,317 |     2,809 
                |     17.52      82.48 |    100.00 
----------------+----------------------+----------
     1. primary |       366        571 |       937 
                |     39.06      60.94 |    100.00 
----------------+----------------------+----------
   2. secondary |       971      1,119 |     2,090 
                |     46.46      53.54 |    100.00 
----------------+----------------------+----------
      3. higher |       385        492 |       877 
                |     43.90      56.10 |    100.00 
----------------+----------------------+----------
          Total |     2,214      4,499 |     6,713 
                |     32.98      67.02 |    100.00 

          Pearson chi2(3) = 538.7225   Pr = 0.000
Click to Open File:  Myfile.doc
(File Myfile.doc already exists, option append was assumed)

+----------------+
| Key            |
|----------------|
|   frequency    |
| row percentage |
+----------------+

                      |    RECODE of v743b
                      |  (person who usually
                      |   decides on large
      current marital | household purchases)
               status |     0. no     1. yes |     Total
----------------------+----------------------+----------
           1. married |     2,086      4,443 |     6,529 
                      |     31.95      68.05 |    100.00 
----------------------+----------------------+----------
2. living with partne |       128         56 |       184 
                      |     69.57      30.43 |    100.00 
----------------------+----------------------+----------
                Total |     2,214      4,499 |     6,713 
                      |     32.98      67.02 |    100.00 

          Pearson chi2(1) = 114.5566   Pr = 0.000
Click to Open File:  Myfile.doc
(File Myfile.doc already exists, option append was assumed)

+----------------+
| Key            |
|----------------|
|   frequency    |
| row percentage |
+----------------+

           |    RECODE of v743b
           |  (person who usually
respondent |   decides on large
 currently | household purchases)
   working |     0. no     1. yes |     Total
-----------+----------------------+----------
     0. no |       365      1,808 |     2,173 
           |     16.80      83.20 |    100.00 
-----------+----------------------+----------
    1. yes |     1,849      2,691 |     4,540 
           |     40.73      59.27 |    100.00 
-----------+----------------------+----------
     Total |     2,214      4,499 |     6,713 
           |     32.98      67.02 |    100.00 

          Pearson chi2(1) = 380.7303   Pr = 0.000
Click to Open File:  Myfile.doc
(File Myfile.doc already exists, option append was assumed)

+----------------+
| Key            |
|----------------|
|   frequency    |
| row percentage |
+----------------+

             |    RECODE of v743b
             |  (person who usually
   RECODE of |   decides on large
        v130 | household purchases)
  (religion) |     0. no     1. yes |     Total
-------------+----------------------+----------
1. christian |     1,243        784 |     2,027 
             |     61.32      38.68 |    100.00 
-------------+----------------------+----------
    2. islam |       964      3,696 |     4,660 
             |     20.69      79.31 |    100.00 
-------------+----------------------+----------
   3. others |         7         19 |        26 
             |     26.92      73.08 |    100.00 
-------------+----------------------+----------
       Total |     2,214      4,499 |     6,713 
             |     32.98      67.02 |    100.00 

          Pearson chi2(2) =  1.1e+03   Pr = 0.000
Click to Open File:  Myfile.doc
(File Myfile.doc already exists, option append was assumed)

+----------------+
| Key            |
|----------------|
|   frequency    |
| row percentage |
+----------------+

 RECODE of |    RECODE of v743b
      v190 |  (person who usually
   (wealth |   decides on large
     index | household purchases)
 combined) |     0. no     1. yes |     Total
-----------+----------------------+----------
   1. poor |       845      2,806 |     3,651 
           |     23.14      76.86 |    100.00 
-----------+----------------------+----------
 2. middle |       532        839 |     1,371 
           |     38.80      61.20 |    100.00 
-----------+----------------------+----------
   3. rich |       837        854 |     1,691 
           |     49.50      50.50 |    100.00 
-----------+----------------------+----------
     Total |     2,214      4,499 |     6,713 
           |     32.98      67.02 |    100.00 

          Pearson chi2(2) = 389.5501   Pr = 0.000
Click to Open File:  Myfile.doc
(File Myfile.doc already exists, option append was assumed)

+----------------+
| Key            |
|----------------|
|   frequency    |
| row percentage |
+----------------+

                |    RECODE of v743b
                |  (person who usually
                |   decides on large
 RECODE of v131 | household purchases)
    (ethnicity) |     0. no     1. yes |     Total
----------------+----------------------+----------
      1. yoruba |       174        159 |       333 
                |     52.25      47.75 |    100.00 
----------------+----------------------+----------
        2. igbo |       462        182 |       644 
                |     71.74      28.26 |    100.00 
----------------+----------------------+----------
3. hausa/fulani |       560      2,799 |     3,359 
                |     16.67      83.33 |    100.00 
----------------+----------------------+----------
      4. others |     1,018      1,359 |     2,377 
                |     42.83      57.17 |    100.00 
----------------+----------------------+----------
          Total |     2,214      4,499 |     6,713 
                |     32.98      67.02 |    100.00 

          Pearson chi2(3) =  1.0e+03   Pr = 0.000
Click to Open File:  Myfile.doc
(File Myfile.doc already exists, option append was assumed)

+----------------+
| Key            |
|----------------|
|   frequency    |
| row percentage |
+----------------+

   RECODE of v137 |
       (number of |    RECODE of v743b
   children 5 and |  (person who usually
         under in |   decides on large
    household (de | household purchases)
           jure)) |     0. no     1. yes |     Total
------------------+----------------------+----------
       1. One-Two |     1,732      2,965 |     4,697 
                  |     36.87      63.13 |    100.00 
------------------+----------------------+----------
    2. Three-Four |       414      1,211 |     1,625 
                  |     25.48      74.52 |    100.00 
------------------+----------------------+----------
3. Five and above |        68        323 |       391 
                  |     17.39      82.61 |    100.00 
------------------+----------------------+----------
            Total |     2,214      4,499 |     6,713 
                  |     32.98      67.02 |    100.00 

          Pearson chi2(2) = 116.6066   Pr = 0.000
Click to Open File:  Myfile.doc
(File Myfile.doc already exists, option append was assumed)

+----------------+
| Key            |
|----------------|
|   frequency    |
| row percentage |
+----------------+

                  |    RECODE of v743b
                  |  (person who usually
   RECODE of v218 |   decides on large
(number of living | household purchases)
        children) |     0. no     1. yes |     Total
------------------+----------------------+----------
       1. One-Two |       803      1,633 |     2,436 
                  |     32.96      67.04 |    100.00 
------------------+----------------------+----------
    2. Three-Four |       739      1,350 |     2,089 
                  |     35.38      64.62 |    100.00 
------------------+----------------------+----------
3. Five and above |       672      1,516 |     2,188 
                  |     30.71      69.29 |    100.00 
------------------+----------------------+----------
            Total |     2,214      4,499 |     6,713 
                  |     32.98      67.02 |    100.00 

          Pearson chi2(2) =  10.5124   Pr = 0.005
Click to Open File:  Myfile.doc
(File Myfile.doc already exists, option append was assumed)

+----------------+
| Key            |
|----------------|
|   frequency    |
| row percentage |
+----------------+

           |    RECODE of v743b
           |  (person who usually
   type of |   decides on large
  place of | household purchases)
 residence |     0. no     1. yes |     Total
-----------+----------------------+----------
  1. urban |       902      1,028 |     1,930 
           |     46.74      53.26 |    100.00 
-----------+----------------------+----------
  2. rural |     1,312      3,471 |     4,783 
           |     27.43      72.57 |    100.00 
-----------+----------------------+----------
     Total |     2,214      4,499 |     6,713 
           |     32.98      67.02 |    100.00 

          Pearson chi2(1) = 231.8635   Pr = 0.000
Click to Open File:  Myfile.doc
(File Myfile.doc already exists, option append was assumed)

+----------------+
| Key            |
|----------------|
|   frequency    |
| row percentage |
+----------------+

                 |    RECODE of v743b
                 |  (person who usually
                 |   decides on large
                 | household purchases)
          region |     0. no     1. yes |     Total
-----------------+----------------------+----------
1. north central |       347        618 |       965 
                 |     35.96      64.04 |    100.00 
-----------------+----------------------+----------
   2. north east |       634      1,499 |     2,133 
                 |     29.72      70.28 |    100.00 
-----------------+----------------------+----------
   3. north west |       328      1,879 |     2,207 
                 |     14.86      85.14 |    100.00 
-----------------+----------------------+----------
   4. south east |       399        142 |       541 
                 |     73.75      26.25 |    100.00 
-----------------+----------------------+----------
  5. south south |       318        198 |       516 
                 |     61.63      38.37 |    100.00 
-----------------+----------------------+----------
   6. south west |       188        163 |       351 
                 |     53.56      46.44 |    100.00 
-----------------+----------------------+----------
           Total |     2,214      4,499 |     6,713 
                 |     32.98      67.02 |    100.00 

          Pearson chi2(5) =  1.0e+03   Pr = 0.000
Click to Open File:  Myfile.doc

. foreach demo of global Demo {
  2. 
. asdoc tab `demo' no_empowerment6, row chi2
  3. 
. }
(File Myfile.doc already exists, option append was assumed)

+----------------+
| Key            |
|----------------|
|   frequency    |
| row percentage |
+----------------+

           |    RECODE of v743d
 RECODE of |  (person who usually
 v013 (age | decides on visits to
 in 5-year | family or relatives)
   groups) |     0. no     1. yes |     Total
-----------+----------------------+----------
  1. 15-24 |       890        892 |     1,782 
           |     49.94      50.06 |    100.00 
-----------+----------------------+----------
  2. 25-34 |     1,736      1,420 |     3,156 
           |     55.01      44.99 |    100.00 
-----------+----------------------+----------
  3. 35-49 |     1,008        767 |     1,775 
           |     56.79      43.21 |    100.00 
-----------+----------------------+----------
     Total |     3,634      3,079 |     6,713 
           |     54.13      45.87 |    100.00 

          Pearson chi2(2) =  18.6063   Pr = 0.000
Click to Open File:  Myfile.doc
(File Myfile.doc already exists, option append was assumed)

+----------------+
| Key            |
|----------------|
|   frequency    |
| row percentage |
+----------------+

                |    RECODE of v743d
                |  (person who usually
        highest | decides on visits to
    educational | family or relatives)
          level |     0. no     1. yes |     Total
----------------+----------------------+----------
0. no education |     1,501      2,034 |     3,535 
                |     42.46      57.54 |    100.00 
----------------+----------------------+----------
     1. primary |       655        412 |     1,067 
                |     61.39      38.61 |    100.00 
----------------+----------------------+----------
   2. secondary |     1,210        551 |     1,761 
                |     68.71      31.29 |    100.00 
----------------+----------------------+----------
      3. higher |       268         82 |       350 
                |     76.57      23.43 |    100.00 
----------------+----------------------+----------
          Total |     3,634      3,079 |     6,713 
                |     54.13      45.87 |    100.00 

          Pearson chi2(3) = 438.2728   Pr = 0.000
Click to Open File:  Myfile.doc
(File Myfile.doc already exists, option append was assumed)

+----------------+
| Key            |
|----------------|
|   frequency    |
| row percentage |
+----------------+

                |    RECODE of v743d
 RECODE of v701 |  (person who usually
(husband/partne | decides on visits to
  r's education | family or relatives)
         level) |     0. no     1. yes |     Total
----------------+----------------------+----------
0. no education |     1,141      1,668 |     2,809 
                |     40.62      59.38 |    100.00 
----------------+----------------------+----------
     1. primary |       564        373 |       937 
                |     60.19      39.81 |    100.00 
----------------+----------------------+----------
   2. secondary |     1,391        699 |     2,090 
                |     66.56      33.44 |    100.00 
----------------+----------------------+----------
      3. higher |       538        339 |       877 
                |     61.35      38.65 |    100.00 
----------------+----------------------+----------
          Total |     3,634      3,079 |     6,713 
                |     54.13      45.87 |    100.00 

          Pearson chi2(3) = 368.7170   Pr = 0.000
Click to Open File:  Myfile.doc
(File Myfile.doc already exists, option append was assumed)

+----------------+
| Key            |
|----------------|
|   frequency    |
| row percentage |
+----------------+

                      |    RECODE of v743d
                      |  (person who usually
                      | decides on visits to
      current marital | family or relatives)
               status |     0. no     1. yes |     Total
----------------------+----------------------+----------
           1. married |     3,491      3,038 |     6,529 
                      |     53.47      46.53 |    100.00 
----------------------+----------------------+----------
2. living with partne |       143         41 |       184 
                      |     77.72      22.28 |    100.00 
----------------------+----------------------+----------
                Total |     3,634      3,079 |     6,713 
                      |     54.13      45.87 |    100.00 

          Pearson chi2(1) =  42.3787   Pr = 0.000
Click to Open File:  Myfile.doc
(File Myfile.doc already exists, option append was assumed)

+----------------+
| Key            |
|----------------|
|   frequency    |
| row percentage |
+----------------+

           |    RECODE of v743d
           |  (person who usually
respondent | decides on visits to
 currently | family or relatives)
   working |     0. no     1. yes |     Total
-----------+----------------------+----------
     0. no |       891      1,282 |     2,173 
           |     41.00      59.00 |    100.00 
-----------+----------------------+----------
    1. yes |     2,743      1,797 |     4,540 
           |     60.42      39.58 |    100.00 
-----------+----------------------+----------
     Total |     3,634      3,079 |     6,713 
           |     54.13      45.87 |    100.00 

          Pearson chi2(1) = 223.1130   Pr = 0.000
Click to Open File:  Myfile.doc
(File Myfile.doc already exists, option append was assumed)

+----------------+
| Key            |
|----------------|
|   frequency    |
| row percentage |
+----------------+

             |    RECODE of v743d
             |  (person who usually
   RECODE of | decides on visits to
        v130 | family or relatives)
  (religion) |     0. no     1. yes |     Total
-------------+----------------------+----------
1. christian |     1,526        501 |     2,027 
             |     75.28      24.72 |    100.00 
-------------+----------------------+----------
    2. islam |     2,092      2,568 |     4,660 
             |     44.89      55.11 |    100.00 
-------------+----------------------+----------
   3. others |        16         10 |        26 
             |     61.54      38.46 |    100.00 
-------------+----------------------+----------
       Total |     3,634      3,079 |     6,713 
             |     54.13      45.87 |    100.00 

          Pearson chi2(2) = 526.0320   Pr = 0.000
Click to Open File:  Myfile.doc
(File Myfile.doc already exists, option append was assumed)

+----------------+
| Key            |
|----------------|
|   frequency    |
| row percentage |
+----------------+

 RECODE of |    RECODE of v743d
      v190 |  (person who usually
   (wealth | decides on visits to
     index | family or relatives)
 combined) |     0. no     1. yes |     Total
-----------+----------------------+----------
   1. poor |     1,683      1,968 |     3,651 
           |     46.10      53.90 |    100.00 
-----------+----------------------+----------
 2. middle |       834        537 |     1,371 
           |     60.83      39.17 |    100.00 
-----------+----------------------+----------
   3. rich |     1,117        574 |     1,691 
           |     66.06      33.94 |    100.00 
-----------+----------------------+----------
     Total |     3,634      3,079 |     6,713 
           |     54.13      45.87 |    100.00 

          Pearson chi2(2) = 216.5455   Pr = 0.000
Click to Open File:  Myfile.doc
(File Myfile.doc already exists, option append was assumed)

+----------------+
| Key            |
|----------------|
|   frequency    |
| row percentage |
+----------------+

                |    RECODE of v743d
                |  (person who usually
                | decides on visits to
 RECODE of v131 | family or relatives)
    (ethnicity) |     0. no     1. yes |     Total
----------------+----------------------+----------
      1. yoruba |       242         91 |       333 
                |     72.67      27.33 |    100.00 
----------------+----------------------+----------
        2. igbo |       494        150 |       644 
                |     76.71      23.29 |    100.00 
----------------+----------------------+----------
3. hausa/fulani |     1,452      1,907 |     3,359 
                |     43.23      56.77 |    100.00 
----------------+----------------------+----------
      4. others |     1,446        931 |     2,377 
                |     60.83      39.17 |    100.00 
----------------+----------------------+----------
          Total |     3,634      3,079 |     6,713 
                |     54.13      45.87 |    100.00 

          Pearson chi2(3) = 382.1630   Pr = 0.000
Click to Open File:  Myfile.doc
(File Myfile.doc already exists, option append was assumed)

+----------------+
| Key            |
|----------------|
|   frequency    |
| row percentage |
+----------------+

   RECODE of v137 |
       (number of |    RECODE of v743d
   children 5 and |  (person who usually
         under in | decides on visits to
    household (de | family or relatives)
           jure)) |     0. no     1. yes |     Total
------------------+----------------------+----------
       1. One-Two |     2,660      2,037 |     4,697 
                  |     56.63      43.37 |    100.00 
------------------+----------------------+----------
    2. Three-Four |       795        830 |     1,625 
                  |     48.92      51.08 |    100.00 
------------------+----------------------+----------
3. Five and above |       179        212 |       391 
                  |     45.78      54.22 |    100.00 
------------------+----------------------+----------
            Total |     3,634      3,079 |     6,713 
                  |     54.13      45.87 |    100.00 

          Pearson chi2(2) =  40.5648   Pr = 0.000
Click to Open File:  Myfile.doc
(File Myfile.doc already exists, option append was assumed)

+----------------+
| Key            |
|----------------|
|   frequency    |
| row percentage |
+----------------+

                  |    RECODE of v743d
                  |  (person who usually
   RECODE of v218 | decides on visits to
(number of living | family or relatives)
        children) |     0. no     1. yes |     Total
------------------+----------------------+----------
       1. One-Two |     1,330      1,106 |     2,436 
                  |     54.60      45.40 |    100.00 
------------------+----------------------+----------
    2. Three-Four |     1,164        925 |     2,089 
                  |     55.72      44.28 |    100.00 
------------------+----------------------+----------
3. Five and above |     1,140      1,048 |     2,188 
                  |     52.10      47.90 |    100.00 
------------------+----------------------+----------
            Total |     3,634      3,079 |     6,713 
                  |     54.13      45.87 |    100.00 

          Pearson chi2(2) =   5.9657   Pr = 0.051
Click to Open File:  Myfile.doc
(File Myfile.doc already exists, option append was assumed)

+----------------+
| Key            |
|----------------|
|   frequency    |
| row percentage |
+----------------+

           |    RECODE of v743d
           |  (person who usually
   type of | decides on visits to
  place of | family or relatives)
 residence |     0. no     1. yes |     Total
-----------+----------------------+----------
  1. urban |     1,219        711 |     1,930 
           |     63.16      36.84 |    100.00 
-----------+----------------------+----------
  2. rural |     2,415      2,368 |     4,783 
           |     50.49      49.51 |    100.00 
-----------+----------------------+----------
     Total |     3,634      3,079 |     6,713 
           |     54.13      45.87 |    100.00 

          Pearson chi2(1) =  88.8965   Pr = 0.000
Click to Open File:  Myfile.doc
(File Myfile.doc already exists, option append was assumed)

+----------------+
| Key            |
|----------------|
|   frequency    |
| row percentage |
+----------------+

                 |    RECODE of v743d
                 |  (person who usually
                 | decides on visits to
                 | family or relatives)
          region |     0. no     1. yes |     Total
-----------------+----------------------+----------
1. north central |       556        409 |       965 
                 |     57.62      42.38 |    100.00 
-----------------+----------------------+----------
   2. north east |     1,005      1,128 |     2,133 
                 |     47.12      52.88 |    100.00 
-----------------+----------------------+----------
   3. north west |     1,035      1,172 |     2,207 
                 |     46.90      53.10 |    100.00 
-----------------+----------------------+----------
   4. south east |       422        119 |       541 
                 |     78.00      22.00 |    100.00 
-----------------+----------------------+----------
  5. south south |       361        155 |       516 
                 |     69.96      30.04 |    100.00 
-----------------+----------------------+----------
   6. south west |       255         96 |       351 
                 |     72.65      27.35 |    100.00 
-----------------+----------------------+----------
           Total |     3,634      3,079 |     6,713 
                 |     54.13      45.87 |    100.00 

          Pearson chi2(5) = 318.2487   Pr = 0.000
Click to Open File:  Myfile.doc

. foreach demo of global Demo {
  2. 
. asdoc tab `demo' no_empowerment7 , row chi2
  3. 
. }
(File Myfile.doc already exists, option append was assumed)

+----------------+
| Key            |
|----------------|
|   frequency    |
| row percentage |
+----------------+

           |    RECODE of v743f
           |  (person who usually
 RECODE of |  decides what to do
 v013 (age |  with money husband
 in 5-year |        earns)
   groups) |     0. no     1. yes |     Total
-----------+----------------------+----------
  1. 15-24 |       377      1,405 |     1,782 
           |     21.16      78.84 |    100.00 
-----------+----------------------+----------
  2. 25-34 |       774      2,382 |     3,156 
           |     24.52      75.48 |    100.00 
-----------+----------------------+----------
  3. 35-49 |       450      1,325 |     1,775 
           |     25.35      74.65 |    100.00 
-----------+----------------------+----------
     Total |     1,601      5,112 |     6,713 
           |     23.85      76.15 |    100.00 

          Pearson chi2(2) =  10.1175   Pr = 0.006
Click to Open File:  Myfile.doc
(File Myfile.doc already exists, option append was assumed)

+----------------+
| Key            |
|----------------|
|   frequency    |
| row percentage |
+----------------+

                |    RECODE of v743f
                |  (person who usually
                |  decides what to do
        highest |  with money husband
    educational |        earns)
          level |     0. no     1. yes |     Total
----------------+----------------------+----------
0. no education |       447      3,088 |     3,535 
                |     12.64      87.36 |    100.00 
----------------+----------------------+----------
     1. primary |       301        766 |     1,067 
                |     28.21      71.79 |    100.00 
----------------+----------------------+----------
   2. secondary |       696      1,065 |     1,761 
                |     39.52      60.48 |    100.00 
----------------+----------------------+----------
      3. higher |       157        193 |       350 
                |     44.86      55.14 |    100.00 
----------------+----------------------+----------
          Total |     1,601      5,112 |     6,713 
                |     23.85      76.15 |    100.00 

          Pearson chi2(3) = 578.7791   Pr = 0.000
Click to Open File:  Myfile.doc
(File Myfile.doc already exists, option append was assumed)

+----------------+
| Key            |
|----------------|
|   frequency    |
| row percentage |
+----------------+

                |    RECODE of v743f
                |  (person who usually
 RECODE of v701 |  decides what to do
(husband/partne |  with money husband
  r's education |        earns)
         level) |     0. no     1. yes |     Total
----------------+----------------------+----------
0. no education |       324      2,485 |     2,809 
                |     11.53      88.47 |    100.00 
----------------+----------------------+----------
     1. primary |       268        669 |       937 
                |     28.60      71.40 |    100.00 
----------------+----------------------+----------
   2. secondary |       752      1,338 |     2,090 
                |     35.98      64.02 |    100.00 
----------------+----------------------+----------
      3. higher |       257        620 |       877 
                |     29.30      70.70 |    100.00 
----------------+----------------------+----------
          Total |     1,601      5,112 |     6,713 
                |     23.85      76.15 |    100.00 

          Pearson chi2(3) = 429.9591   Pr = 0.000
Click to Open File:  Myfile.doc
(File Myfile.doc already exists, option append was assumed)

+----------------+
| Key            |
|----------------|
|   frequency    |
| row percentage |
+----------------+

                      |    RECODE of v743f
                      |  (person who usually
                      |  decides what to do
                      |  with money husband
      current marital |        earns)
               status |     0. no     1. yes |     Total
----------------------+----------------------+----------
           1. married |     1,521      5,008 |     6,529 
                      |     23.30      76.70 |    100.00 
----------------------+----------------------+----------
2. living with partne |        80        104 |       184 
                      |     43.48      56.52 |    100.00 
----------------------+----------------------+----------
                Total |     1,601      5,112 |     6,713 
                      |     23.85      76.15 |    100.00 

          Pearson chi2(1) =  40.1362   Pr = 0.000
Click to Open File:  Myfile.doc
(File Myfile.doc already exists, option append was assumed)

+----------------+
| Key            |
|----------------|
|   frequency    |
| row percentage |
+----------------+

           |    RECODE of v743f
           |  (person who usually
           |  decides what to do
respondent |  with money husband
 currently |        earns)
   working |     0. no     1. yes |     Total
-----------+----------------------+----------
     0. no |       301      1,872 |     2,173 
           |     13.85      86.15 |    100.00 
-----------+----------------------+----------
    1. yes |     1,300      3,240 |     4,540 
           |     28.63      71.37 |    100.00 
-----------+----------------------+----------
     Total |     1,601      5,112 |     6,713 
           |     23.85      76.15 |    100.00 

          Pearson chi2(1) = 176.8269   Pr = 0.000
Click to Open File:  Myfile.doc
(File Myfile.doc already exists, option append was assumed)

+----------------+
| Key            |
|----------------|
|   frequency    |
| row percentage |
+----------------+

             |    RECODE of v743f
             |  (person who usually
             |  decides what to do
   RECODE of |  with money husband
        v130 |        earns)
  (religion) |     0. no     1. yes |     Total
-------------+----------------------+----------
1. christian |       944      1,083 |     2,027 
             |     46.57      53.43 |    100.00 
-------------+----------------------+----------
    2. islam |       649      4,011 |     4,660 
             |     13.93      86.07 |    100.00 
-------------+----------------------+----------
   3. others |         8         18 |        26 
             |     30.77      69.23 |    100.00 
-------------+----------------------+----------
       Total |     1,601      5,112 |     6,713 
             |     23.85      76.15 |    100.00 

          Pearson chi2(2) = 829.5323   Pr = 0.000
Click to Open File:  Myfile.doc
(File Myfile.doc already exists, option append was assumed)

+----------------+
| Key            |
|----------------|
|   frequency    |
| row percentage |
+----------------+

           |    RECODE of v743f
 RECODE of |  (person who usually
      v190 |  decides what to do
   (wealth |  with money husband
     index |        earns)
 combined) |     0. no     1. yes |     Total
-----------+----------------------+----------
   1. poor |       624      3,027 |     3,651 
           |     17.09      82.91 |    100.00 
-----------+----------------------+----------
 2. middle |       387        984 |     1,371 
           |     28.23      71.77 |    100.00 
-----------+----------------------+----------
   3. rich |       590      1,101 |     1,691 
           |     34.89      65.11 |    100.00 
-----------+----------------------+----------
     Total |     1,601      5,112 |     6,713 
           |     23.85      76.15 |    100.00 

          Pearson chi2(2) = 219.7955   Pr = 0.000
Click to Open File:  Myfile.doc
(File Myfile.doc already exists, option append was assumed)

+----------------+
| Key            |
|----------------|
|   frequency    |
| row percentage |
+----------------+

                |    RECODE of v743f
                |  (person who usually
                |  decides what to do
                |  with money husband
 RECODE of v131 |        earns)
    (ethnicity) |     0. no     1. yes |     Total
----------------+----------------------+----------
      1. yoruba |       113        220 |       333 
                |     33.93      66.07 |    100.00 
----------------+----------------------+----------
        2. igbo |       357        287 |       644 
                |     55.43      44.57 |    100.00 
----------------+----------------------+----------
3. hausa/fulani |       368      2,991 |     3,359 
                |     10.96      89.04 |    100.00 
----------------+----------------------+----------
      4. others |       763      1,614 |     2,377 
                |     32.10      67.90 |    100.00 
----------------+----------------------+----------
          Total |     1,601      5,112 |     6,713 
                |     23.85      76.15 |    100.00 

          Pearson chi2(3) = 768.9689   Pr = 0.000
Click to Open File:  Myfile.doc
(File Myfile.doc already exists, option append was assumed)

+----------------+
| Key            |
|----------------|
|   frequency    |
| row percentage |
+----------------+

   RECODE of v137 |    RECODE of v743f
       (number of |  (person who usually
   children 5 and |  decides what to do
         under in |  with money husband
    household (de |        earns)
           jure)) |     0. no     1. yes |     Total
------------------+----------------------+----------
       1. One-Two |     1,262      3,435 |     4,697 
                  |     26.87      73.13 |    100.00 
------------------+----------------------+----------
    2. Three-Four |       287      1,338 |     1,625 
                  |     17.66      82.34 |    100.00 
------------------+----------------------+----------
3. Five and above |        52        339 |       391 
                  |     13.30      86.70 |    100.00 
------------------+----------------------+----------
            Total |     1,601      5,112 |     6,713 
                  |     23.85      76.15 |    100.00 

          Pearson chi2(2) =  81.7923   Pr = 0.000
Click to Open File:  Myfile.doc
(File Myfile.doc already exists, option append was assumed)

+----------------+
| Key            |
|----------------|
|   frequency    |
| row percentage |
+----------------+

                  |    RECODE of v743f
                  |  (person who usually
                  |  decides what to do
   RECODE of v218 |  with money husband
(number of living |        earns)
        children) |     0. no     1. yes |     Total
------------------+----------------------+----------
       1. One-Two |       628      1,808 |     2,436 
                  |     25.78      74.22 |    100.00 
------------------+----------------------+----------
    2. Three-Four |       510      1,579 |     2,089 
                  |     24.41      75.59 |    100.00 
------------------+----------------------+----------
3. Five and above |       463      1,725 |     2,188 
                  |     21.16      78.84 |    100.00 
------------------+----------------------+----------
            Total |     1,601      5,112 |     6,713 
                  |     23.85      76.15 |    100.00 

          Pearson chi2(2) =  14.0735   Pr = 0.001
Click to Open File:  Myfile.doc
(File Myfile.doc already exists, option append was assumed)

+----------------+
| Key            |
|----------------|
|   frequency    |
| row percentage |
+----------------+

           |    RECODE of v743f
           |  (person who usually
           |  decides what to do
   type of |  with money husband
  place of |        earns)
 residence |     0. no     1. yes |     Total
-----------+----------------------+----------
  1. urban |       630      1,300 |     1,930 
           |     32.64      67.36 |    100.00 
-----------+----------------------+----------
  2. rural |       971      3,812 |     4,783 
           |     20.30      79.70 |    100.00 
-----------+----------------------+----------
     Total |     1,601      5,112 |     6,713 
           |     23.85      76.15 |    100.00 

          Pearson chi2(1) = 115.3247   Pr = 0.000
Click to Open File:  Myfile.doc
(File Myfile.doc already exists, option append was assumed)

+----------------+
| Key            |
|----------------|
|   frequency    |
| row percentage |
+----------------+

                 |    RECODE of v743f
                 |  (person who usually
                 |  decides what to do
                 |  with money husband
                 |        earns)
          region |     0. no     1. yes |     Total
-----------------+----------------------+----------
1. north central |       276        689 |       965 
                 |     28.60      71.40 |    100.00 
-----------------+----------------------+----------
   2. north east |       431      1,702 |     2,133 
                 |     20.21      79.79 |    100.00 
-----------------+----------------------+----------
   3. north west |       207      2,000 |     2,207 
                 |      9.38      90.62 |    100.00 
-----------------+----------------------+----------
   4. south east |       309        232 |       541 
                 |     57.12      42.88 |    100.00 
-----------------+----------------------+----------
  5. south south |       251        265 |       516 
                 |     48.64      51.36 |    100.00 
-----------------+----------------------+----------
   6. south west |       127        224 |       351 
                 |     36.18      63.82 |    100.00 
-----------------+----------------------+----------
           Total |     1,601      5,112 |     6,713 
                 |     23.85      76.15 |    100.00 

          Pearson chi2(5) = 815.7578   Pr = 0.000
Click to Open File:  Myfile.doc

. foreach demo of global Demo {
  2. 
. asdoc tab `demo' no_empowerment8 , row chi2
  3. 
. }
(File Myfile.doc already exists, option append was assumed)

+----------------+
| Key            |
|----------------|
|   frequency    |
| row percentage |
+----------------+

 RECODE of |    RECODE of v850a
 v013 (age |    (respondent can
 in 5-year |      refuse sex)
   groups) |     0. no     1. yes |     Total
-----------+----------------------+----------
  1. 15-24 |       814        968 |     1,782 
           |     45.68      54.32 |    100.00 
-----------+----------------------+----------
  2. 25-34 |     1,651      1,505 |     3,156 
           |     52.31      47.69 |    100.00 
-----------+----------------------+----------
  3. 35-49 |       900        875 |     1,775 
           |     50.70      49.30 |    100.00 
-----------+----------------------+----------
     Total |     3,365      3,348 |     6,713 
           |     50.13      49.87 |    100.00 

          Pearson chi2(2) =  20.3720   Pr = 0.000
Click to Open File:  Myfile.doc
(File Myfile.doc already exists, option append was assumed)

+----------------+
| Key            |
|----------------|
|   frequency    |
| row percentage |
+----------------+

                |    RECODE of v850a
        highest |    (respondent can
    educational |      refuse sex)
          level |     0. no     1. yes |     Total
----------------+----------------------+----------
0. no education |     1,194      2,341 |     3,535 
                |     33.78      66.22 |    100.00 
----------------+----------------------+----------
     1. primary |       609        458 |     1,067 
                |     57.08      42.92 |    100.00 
----------------+----------------------+----------
   2. secondary |     1,289        472 |     1,761 
                |     73.20      26.80 |    100.00 
----------------+----------------------+----------
      3. higher |       273         77 |       350 
                |     78.00      22.00 |    100.00 
----------------+----------------------+----------
          Total |     3,365      3,348 |     6,713 
                |     50.13      49.87 |    100.00 

          Pearson chi2(3) = 882.2982   Pr = 0.000
Click to Open File:  Myfile.doc
(File Myfile.doc already exists, option append was assumed)

+----------------+
| Key            |
|----------------|
|   frequency    |
| row percentage |
+----------------+

 RECODE of v701 |    RECODE of v850a
(husband/partne |    (respondent can
  r's education |      refuse sex)
         level) |     0. no     1. yes |     Total
----------------+----------------------+----------
0. no education |       917      1,892 |     2,809 
                |     32.65      67.35 |    100.00 
----------------+----------------------+----------
     1. primary |       510        427 |       937 
                |     54.43      45.57 |    100.00 
----------------+----------------------+----------
   2. secondary |     1,391        699 |     2,090 
                |     66.56      33.44 |    100.00 
----------------+----------------------+----------
      3. higher |       547        330 |       877 
                |     62.37      37.63 |    100.00 
----------------+----------------------+----------
          Total |     3,365      3,348 |     6,713 
                |     50.13      49.87 |    100.00 

          Pearson chi2(3) = 628.5491   Pr = 0.000
Click to Open File:  Myfile.doc
(File Myfile.doc already exists, option append was assumed)

+----------------+
| Key            |
|----------------|
|   frequency    |
| row percentage |
+----------------+

                      |    RECODE of v850a
                      |    (respondent can
      current marital |      refuse sex)
               status |     0. no     1. yes |     Total
----------------------+----------------------+----------
           1. married |     3,224      3,305 |     6,529 
                      |     49.38      50.62 |    100.00 
----------------------+----------------------+----------
2. living with partne |       141         43 |       184 
                      |     76.63      23.37 |    100.00 
----------------------+----------------------+----------
                Total |     3,365      3,348 |     6,713 
                      |     50.13      49.87 |    100.00 

          Pearson chi2(1) =  53.1578   Pr = 0.000
Click to Open File:  Myfile.doc
(File Myfile.doc already exists, option append was assumed)

+----------------+
| Key            |
|----------------|
|   frequency    |
| row percentage |
+----------------+

           |    RECODE of v850a
respondent |    (respondent can
 currently |      refuse sex)
   working |     0. no     1. yes |     Total
-----------+----------------------+----------
     0. no |       914      1,259 |     2,173 
           |     42.06      57.94 |    100.00 
-----------+----------------------+----------
    1. yes |     2,451      2,089 |     4,540 
           |     53.99      46.01 |    100.00 
-----------+----------------------+----------
     Total |     3,365      3,348 |     6,713 
           |     50.13      49.87 |    100.00 

          Pearson chi2(1) =  83.5963   Pr = 0.000
Click to Open File:  Myfile.doc
(File Myfile.doc already exists, option append was assumed)

+----------------+
| Key            |
|----------------|
|   frequency    |
| row percentage |
+----------------+

             |    RECODE of v850a
   RECODE of |    (respondent can
        v130 |      refuse sex)
  (religion) |     0. no     1. yes |     Total
-------------+----------------------+----------
1. christian |     1,581        446 |     2,027 
             |     78.00      22.00 |    100.00 
-------------+----------------------+----------
    2. islam |     1,774      2,886 |     4,660 
             |     38.07      61.93 |    100.00 
-------------+----------------------+----------
   3. others |        10         16 |        26 
             |     38.46      61.54 |    100.00 
-------------+----------------------+----------
       Total |     3,365      3,348 |     6,713 
             |     50.13      49.87 |    100.00 

          Pearson chi2(2) = 902.2329   Pr = 0.000
Click to Open File:  Myfile.doc
(File Myfile.doc already exists, option append was assumed)

+----------------+
| Key            |
|----------------|
|   frequency    |
| row percentage |
+----------------+

 RECODE of |
      v190 |    RECODE of v850a
   (wealth |    (respondent can
     index |      refuse sex)
 combined) |     0. no     1. yes |     Total
-----------+----------------------+----------
   1. poor |     1,410      2,241 |     3,651 
           |     38.62      61.38 |    100.00 
-----------+----------------------+----------
 2. middle |       789        582 |     1,371 
           |     57.55      42.45 |    100.00 
-----------+----------------------+----------
   3. rich |     1,166        525 |     1,691 
           |     68.95      31.05 |    100.00 
-----------+----------------------+----------
     Total |     3,365      3,348 |     6,713 
           |     50.13      49.87 |    100.00 

          Pearson chi2(2) = 463.3378   Pr = 0.000
Click to Open File:  Myfile.doc
(File Myfile.doc already exists, option append was assumed)

+----------------+
| Key            |
|----------------|
|   frequency    |
| row percentage |
+----------------+

                |    RECODE of v850a
                |    (respondent can
 RECODE of v131 |      refuse sex)
    (ethnicity) |     0. no     1. yes |     Total
----------------+----------------------+----------
      1. yoruba |       259         74 |       333 
                |     77.78      22.22 |    100.00 
----------------+----------------------+----------
        2. igbo |       560         84 |       644 
                |     86.96      13.04 |    100.00 
----------------+----------------------+----------
3. hausa/fulani |     1,158      2,201 |     3,359 
                |     34.47      65.53 |    100.00 
----------------+----------------------+----------
      4. others |     1,388        989 |     2,377 
                |     58.39      41.61 |    100.00 
----------------+----------------------+----------
          Total |     3,365      3,348 |     6,713 
                |     50.13      49.87 |    100.00 

          Pearson chi2(3) = 845.4028   Pr = 0.000
Click to Open File:  Myfile.doc
(File Myfile.doc already exists, option append was assumed)

+----------------+
| Key            |
|----------------|
|   frequency    |
| row percentage |
+----------------+

   RECODE of v137 |
       (number of |
   children 5 and |    RECODE of v850a
         under in |    (respondent can
    household (de |      refuse sex)
           jure)) |     0. no     1. yes |     Total
------------------+----------------------+----------
       1. One-Two |     2,494      2,203 |     4,697 
                  |     53.10      46.90 |    100.00 
------------------+----------------------+----------
    2. Three-Four |       722        903 |     1,625 
                  |     44.43      55.57 |    100.00 
------------------+----------------------+----------
3. Five and above |       149        242 |       391 
                  |     38.11      61.89 |    100.00 
------------------+----------------------+----------
            Total |     3,365      3,348 |     6,713 
                  |     50.13      49.87 |    100.00 

          Pearson chi2(2) =  60.2669   Pr = 0.000
Click to Open File:  Myfile.doc
(File Myfile.doc already exists, option append was assumed)

+----------------+
| Key            |
|----------------|
|   frequency    |
| row percentage |
+----------------+

                  |    RECODE of v850a
   RECODE of v218 |    (respondent can
(number of living |      refuse sex)
        children) |     0. no     1. yes |     Total
------------------+----------------------+----------
       1. One-Two |     1,261      1,175 |     2,436 
                  |     51.77      48.23 |    100.00 
------------------+----------------------+----------
    2. Three-Four |     1,074      1,015 |     2,089 
                  |     51.41      48.59 |    100.00 
------------------+----------------------+----------
3. Five and above |     1,030      1,158 |     2,188 
                  |     47.07      52.93 |    100.00 
------------------+----------------------+----------
            Total |     3,365      3,348 |     6,713 
                  |     50.13      49.87 |    100.00 

          Pearson chi2(2) =  12.1476   Pr = 0.002
Click to Open File:  Myfile.doc
(File Myfile.doc already exists, option append was assumed)

+----------------+
| Key            |
|----------------|
|   frequency    |
| row percentage |
+----------------+

           |    RECODE of v850a
   type of |    (respondent can
  place of |      refuse sex)
 residence |     0. no     1. yes |     Total
-----------+----------------------+----------
  1. urban |     1,257        673 |     1,930 
           |     65.13      34.87 |    100.00 
-----------+----------------------+----------
  2. rural |     2,108      2,675 |     4,783 
           |     44.07      55.93 |    100.00 
-----------+----------------------+----------
     Total |     3,365      3,348 |     6,713 
           |     50.13      49.87 |    100.00 

          Pearson chi2(1) = 243.8864   Pr = 0.000
Click to Open File:  Myfile.doc
(File Myfile.doc already exists, option append was assumed)

+----------------+
| Key            |
|----------------|
|   frequency    |
| row percentage |
+----------------+

                 |    RECODE of v850a
                 |    (respondent can
                 |      refuse sex)
          region |     0. no     1. yes |     Total
-----------------+----------------------+----------
1. north central |       491        474 |       965 
                 |     50.88      49.12 |    100.00 
-----------------+----------------------+----------
   2. north east |     1,033      1,100 |     2,133 
                 |     48.43      51.57 |    100.00 
-----------------+----------------------+----------
   3. north west |       702      1,505 |     2,207 
                 |     31.81      68.19 |    100.00 
-----------------+----------------------+----------
   4. south east |       474         67 |       541 
                 |     87.62      12.38 |    100.00 
-----------------+----------------------+----------
  5. south south |       408        108 |       516 
                 |     79.07      20.93 |    100.00 
-----------------+----------------------+----------
   6. south west |       257         94 |       351 
                 |     73.22      26.78 |    100.00 
-----------------+----------------------+----------
           Total |     3,365      3,348 |     6,713 
                 |     50.13      49.87 |    100.00 

          Pearson chi2(5) = 850.8360   Pr = 0.000
Click to Open File:  Myfile.doc

. foreach demo of global Demo {
  2. 
. asdoc tab `demo' no_empowerment9, row chi2
  3. 
. }
(File Myfile.doc already exists, option append was assumed)

+----------------+
| Key            |
|----------------|
|   frequency    |
| row percentage |
+----------------+

           |    RECODE of v850b
 RECODE of |  (respondent can ask
 v013 (age |   partner to use a
 in 5-year |        condom)
   groups) |     0. no     1. yes |     Total
-----------+----------------------+----------
  1. 15-24 |       552      1,230 |     1,782 
           |     30.98      69.02 |    100.00 
-----------+----------------------+----------
  2. 25-34 |     1,201      1,955 |     3,156 
           |     38.05      61.95 |    100.00 
-----------+----------------------+----------
  3. 35-49 |       593      1,182 |     1,775 
           |     33.41      66.59 |    100.00 
-----------+----------------------+----------
     Total |     2,346      4,367 |     6,713 
           |     34.95      65.05 |    100.00 

          Pearson chi2(2) =  27.6113   Pr = 0.000
Click to Open File:  Myfile.doc
(File Myfile.doc already exists, option append was assumed)

+----------------+
| Key            |
|----------------|
|   frequency    |
| row percentage |
+----------------+

                |    RECODE of v850b
                |  (respondent can ask
        highest |   partner to use a
    educational |        condom)
          level |     0. no     1. yes |     Total
----------------+----------------------+----------
0. no education |       687      2,848 |     3,535 
                |     19.43      80.57 |    100.00 
----------------+----------------------+----------
     1. primary |       416        651 |     1,067 
                |     38.99      61.01 |    100.00 
----------------+----------------------+----------
   2. secondary |     1,001        760 |     1,761 
                |     56.84      43.16 |    100.00 
----------------+----------------------+----------
      3. higher |       242        108 |       350 
                |     69.14      30.86 |    100.00 
----------------+----------------------+----------
          Total |     2,346      4,367 |     6,713 
                |     34.95      65.05 |    100.00 

          Pearson chi2(3) = 933.2421   Pr = 0.000
Click to Open File:  Myfile.doc
(File Myfile.doc already exists, option append was assumed)

+----------------+
| Key            |
|----------------|
|   frequency    |
| row percentage |
+----------------+

                |    RECODE of v850b
 RECODE of v701 |  (respondent can ask
(husband/partne |   partner to use a
  r's education |        condom)
         level) |     0. no     1. yes |     Total
----------------+----------------------+----------
0. no education |       534      2,275 |     2,809 
                |     19.01      80.99 |    100.00 
----------------+----------------------+----------
     1. primary |       312        625 |       937 
                |     33.30      66.70 |    100.00 
----------------+----------------------+----------
   2. secondary |     1,047      1,043 |     2,090 
                |     50.10      49.90 |    100.00 
----------------+----------------------+----------
      3. higher |       453        424 |       877 
                |     51.65      48.35 |    100.00 
----------------+----------------------+----------
          Total |     2,346      4,367 |     6,713 
                |     34.95      65.05 |    100.00 

          Pearson chi2(3) = 633.5697   Pr = 0.000
Click to Open File:  Myfile.doc
(File Myfile.doc already exists, option append was assumed)

+----------------+
| Key            |
|----------------|
|   frequency    |
| row percentage |
+----------------+

                      |    RECODE of v850b
                      |  (respondent can ask
                      |   partner to use a
      current marital |        condom)
               status |     0. no     1. yes |     Total
----------------------+----------------------+----------
           1. married |     2,235      4,294 |     6,529 
                      |     34.23      65.77 |    100.00 
----------------------+----------------------+----------
2. living with partne |       111         73 |       184 
                      |     60.33      39.67 |    100.00 
----------------------+----------------------+----------
                Total |     2,346      4,367 |     6,713 
                      |     34.95      65.05 |    100.00 

          Pearson chi2(1) =  53.5991   Pr = 0.000
Click to Open File:  Myfile.doc
(File Myfile.doc already exists, option append was assumed)

+----------------+
| Key            |
|----------------|
|   frequency    |
| row percentage |
+----------------+

           |    RECODE of v850b
           |  (respondent can ask
respondent |   partner to use a
 currently |        condom)
   working |     0. no     1. yes |     Total
-----------+----------------------+----------
     0. no |       603      1,570 |     2,173 
           |     27.75      72.25 |    100.00 
-----------+----------------------+----------
    1. yes |     1,743      2,797 |     4,540 
           |     38.39      61.61 |    100.00 
-----------+----------------------+----------
     Total |     2,346      4,367 |     6,713 
           |     34.95      65.05 |    100.00 

          Pearson chi2(1) =  73.2152   Pr = 0.000
Click to Open File:  Myfile.doc
(File Myfile.doc already exists, option append was assumed)

+----------------+
| Key            |
|----------------|
|   frequency    |
| row percentage |
+----------------+

             |    RECODE of v850b
             |  (respondent can ask
   RECODE of |   partner to use a
        v130 |        condom)
  (religion) |     0. no     1. yes |     Total
-------------+----------------------+----------
1. christian |     1,195        832 |     2,027 
             |     58.95      41.05 |    100.00 
-------------+----------------------+----------
    2. islam |     1,144      3,516 |     4,660 
             |     24.55      75.45 |    100.00 
-------------+----------------------+----------
   3. others |         7         19 |        26 
             |     26.92      73.08 |    100.00 
-------------+----------------------+----------
       Total |     2,346      4,367 |     6,713 
             |     34.95      65.05 |    100.00 

          Pearson chi2(2) = 736.2136   Pr = 0.000
Click to Open File:  Myfile.doc
(File Myfile.doc already exists, option append was assumed)

+----------------+
| Key            |
|----------------|
|   frequency    |
| row percentage |
+----------------+

 RECODE of |    RECODE of v850b
      v190 |  (respondent can ask
   (wealth |   partner to use a
     index |        condom)
 combined) |     0. no     1. yes |     Total
-----------+----------------------+----------
   1. poor |       810      2,841 |     3,651 
           |     22.19      77.81 |    100.00 
-----------+----------------------+----------
 2. middle |       570        801 |     1,371 
           |     41.58      58.42 |    100.00 
-----------+----------------------+----------
   3. rich |       966        725 |     1,691 
           |     57.13      42.87 |    100.00 
-----------+----------------------+----------
     Total |     2,346      4,367 |     6,713 
           |     34.95      65.05 |    100.00 

          Pearson chi2(2) = 653.9157   Pr = 0.000
Click to Open File:  Myfile.doc
(File Myfile.doc already exists, option append was assumed)

+----------------+
| Key            |
|----------------|
|   frequency    |
| row percentage |
+----------------+

                |    RECODE of v850b
                |  (respondent can ask
                |   partner to use a
 RECODE of v131 |        condom)
    (ethnicity) |     0. no     1. yes |     Total
----------------+----------------------+----------
      1. yoruba |       238         95 |       333 
                |     71.47      28.53 |    100.00 
----------------+----------------------+----------
        2. igbo |       351        293 |       644 
                |     54.50      45.50 |    100.00 
----------------+----------------------+----------
3. hausa/fulani |       705      2,654 |     3,359 
                |     20.99      79.01 |    100.00 
----------------+----------------------+----------
      4. others |     1,052      1,325 |     2,377 
                |     44.26      55.74 |    100.00 
----------------+----------------------+----------
          Total |     2,346      4,367 |     6,713 
                |     34.95      65.05 |    100.00 

          Pearson chi2(3) = 682.2583   Pr = 0.000
Click to Open File:  Myfile.doc
(File Myfile.doc already exists, option append was assumed)

+----------------+
| Key            |
|----------------|
|   frequency    |
| row percentage |
+----------------+

   RECODE of v137 |
       (number of |    RECODE of v850b
   children 5 and |  (respondent can ask
         under in |   partner to use a
    household (de |        condom)
           jure)) |     0. no     1. yes |     Total
------------------+----------------------+----------
       1. One-Two |     1,796      2,901 |     4,697 
                  |     38.24      61.76 |    100.00 
------------------+----------------------+----------
    2. Three-Four |       457      1,168 |     1,625 
                  |     28.12      71.88 |    100.00 
------------------+----------------------+----------
3. Five and above |        93        298 |       391 
                  |     23.79      76.21 |    100.00 
------------------+----------------------+----------
            Total |     2,346      4,367 |     6,713 
                  |     34.95      65.05 |    100.00 

          Pearson chi2(2) =  77.0776   Pr = 0.000
Click to Open File:  Myfile.doc
(File Myfile.doc already exists, option append was assumed)

+----------------+
| Key            |
|----------------|
|   frequency    |
| row percentage |
+----------------+

                  |    RECODE of v850b
                  |  (respondent can ask
   RECODE of v218 |   partner to use a
(number of living |        condom)
        children) |     0. no     1. yes |     Total
------------------+----------------------+----------
       1. One-Two |       935      1,501 |     2,436 
                  |     38.38      61.62 |    100.00 
------------------+----------------------+----------
    2. Three-Four |       767      1,322 |     2,089 
                  |     36.72      63.28 |    100.00 
------------------+----------------------+----------
3. Five and above |       644      1,544 |     2,188 
                  |     29.43      70.57 |    100.00 
------------------+----------------------+----------
            Total |     2,346      4,367 |     6,713 
                  |     34.95      65.05 |    100.00 

          Pearson chi2(2) =  44.7824   Pr = 0.000
Click to Open File:  Myfile.doc
(File Myfile.doc already exists, option append was assumed)

+----------------+
| Key            |
|----------------|
|   frequency    |
| row percentage |
+----------------+

           |    RECODE of v850b
           |  (respondent can ask
   type of |   partner to use a
  place of |        condom)
 residence |     0. no     1. yes |     Total
-----------+----------------------+----------
  1. urban |       979        951 |     1,930 
           |     50.73      49.27 |    100.00 
-----------+----------------------+----------
  2. rural |     1,367      3,416 |     4,783 
           |     28.58      71.42 |    100.00 
-----------+----------------------+----------
     Total |     2,346      4,367 |     6,713 
           |     34.95      65.05 |    100.00 

          Pearson chi2(1) = 296.6296   Pr = 0.000
Click to Open File:  Myfile.doc
(File Myfile.doc already exists, option append was assumed)

+----------------+
| Key            |
|----------------|
|   frequency    |
| row percentage |
+----------------+

                 |    RECODE of v850b
                 |  (respondent can ask
                 |   partner to use a
                 |        condom)
          region |     0. no     1. yes |     Total
-----------------+----------------------+----------
1. north central |       386        579 |       965 
                 |     40.00      60.00 |    100.00 
-----------------+----------------------+----------
   2. north east |       645      1,488 |     2,133 
                 |     30.24      69.76 |    100.00 
-----------------+----------------------+----------
   3. north west |       465      1,742 |     2,207 
                 |     21.07      78.93 |    100.00 
-----------------+----------------------+----------
   4. south east |       287        254 |       541 
                 |     53.05      46.95 |    100.00 
-----------------+----------------------+----------
  5. south south |       346        170 |       516 
                 |     67.05      32.95 |    100.00 
-----------------+----------------------+----------
   6. south west |       217        134 |       351 
                 |     61.82      38.18 |    100.00 
-----------------+----------------------+----------
           Total |     2,346      4,367 |     6,713 
                 |     34.95      65.05 |    100.00 

          Pearson chi2(5) = 642.0875   Pr = 0.000
Click to Open File:  Myfile.doc

. asdoc {
(File Myfile.doc already exists, option append was assumed)
